{
  "RSpec": {
    "coverage": {
      "/Users/benfurber/github/makers/week8/fishnet/app/models/user.rb": [
        1,
        null,
        null,
        1,
        null,
        null,
        1,
        1,
        null,
        null
      ],
      "/Users/benfurber/github/makers/week8/fishnet/app/models/application_record.rb": [
        1,
        1,
        null
      ],
      "/Users/benfurber/github/makers/week8/fishnet/app/helpers/application_helper.rb": [
        1,
        null
      ],
      "/Users/benfurber/github/makers/week8/fishnet/app/helpers/comments_helper.rb": [
        1,
        null
      ],
      "/Users/benfurber/github/makers/week8/fishnet/app/helpers/posts_helper.rb": [
        1,
        null,
        null
      ],
      "/Users/benfurber/github/makers/week8/fishnet/app/helpers/user_helper.rb": [
        1,
        null,
        1,
        14,
        null,
        null,
        1,
        6,
        null,
        null,
        1,
        0,
        null,
        null,
        1,
        12,
        null,
        null,
        null
      ],
      "/Users/benfurber/github/makers/week8/fishnet/app/helpers/welcome_page_helper.rb": [
        1,
        null
      ],
      "/Users/benfurber/github/makers/week8/fishnet/app/controllers/comments_controller.rb": [
        1,
        1,
        null,
        1,
        0,
        0,
        null,
        0,
        0,
        0,
        0,
        null,
        0,
        0,
        null,
        null,
        null,
        null,
        1,
        null,
        null,
        null,
        1,
        0,
        0,
        0,
        0,
        null,
        null,
        null,
        1,
        null,
        1,
        0,
        null,
        null,
        1,
        0,
        null,
        null
      ],
      "/Users/benfurber/github/makers/week8/fishnet/app/controllers/application_controller.rb": [
        1,
        null,
        null,
        1,
        null,
        1,
        15,
        15,
        null,
        null
      ],
      "/Users/benfurber/github/makers/week8/fishnet/app/controllers/posts_controller.rb": [
        1,
        1,
        1,
        null,
        null,
        null,
        1,
        10,
        null,
        null,
        null,
        null,
        1,
        null,
        null,
        null,
        1,
        3,
        null,
        null,
        null,
        1,
        null,
        null,
        null,
        null,
        1,
        5,
        5,
        null,
        5,
        5,
        8,
        4,
        null,
        2,
        1,
        null,
        null,
        null,
        null,
        null,
        null,
        1,
        3,
        3,
        4,
        2,
        null,
        2,
        1,
        null,
        null,
        null,
        null,
        null,
        null,
        1,
        2,
        2,
        4,
        2,
        null,
        null,
        null,
        1,
        null,
        1,
        9,
        null,
        null,
        null,
        1,
        8,
        null,
        null
      ],
      "/Users/benfurber/github/makers/week8/fishnet/app/models/comment.rb": [
        1,
        1,
        1,
        null
      ],
      "/Users/benfurber/github/makers/week8/fishnet/app/models/post.rb": [
        1,
        null,
        1,
        1,
        null,
        1,
        null
      ],
      "/Users/benfurber/github/makers/week8/fishnet/app/controllers/welcome_page_controller.rb": [
        1,
        1,
        9,
        null,
        null
      ],
      "/Users/benfurber/github/makers/week8/fishnet/app/mailers/application_mailer.rb": [
        0,
        0,
        0,
        0
      ],
      "/Users/benfurber/github/makers/week8/fishnet/app/jobs/application_job.rb": [
        0,
        0
      ],
      "/Users/benfurber/github/makers/week8/fishnet/app/channels/application_cable/connection.rb": [
        0,
        0,
        0,
        0
      ],
      "/Users/benfurber/github/makers/week8/fishnet/app/channels/application_cable/channel.rb": [
        0,
        0,
        0,
        0
      ]
    },
    "timestamp": 1529050358
  }
}
